 18888 Temperature Calibration T=22C                                            60  283.83   21.50      1 10%    ringCurrent : 298.068996 2018-07-18 12:09:26   
 18889 Temperature Calibration T=100C                                           60  283.83  101.40      1 10%    ringCurrent : 299.429628 2018-07-18 12:15:52   
 18890 Temperature Calibration T=200C                                           60  283.83  199.90      1 10%    ringCurrent : 301.074896 2018-07-18 12:21:55   
 18891 Temperature Calibration T=300C                                           60  283.83  300.20      1 10%    ringCurrent : 298.983372 2018-07-18 12:26:43   
 18892 Temperature Calibration T=400C                                           60  283.83  400.20      1 10%    ringCurrent : 301.482288 2018-07-18 12:31:31   
 18893 Temperature Calibration T=500C                                           60  283.84  499.90      1 10%    ringCurrent : 298.743778 2018-07-18 12:37:46   
 18894 Temperature Calibration T=600C                                           60  283.84  600.00      1 10%    ringCurrent : 300.397534 2018-07-18 12:44:03   
 18895 Temperature Calibration T=700C                                           60  283.84  700.00      1 10%    ringCurrent : 302.202890 2018-07-18 12:50:22   
 18896 Temperature Calibration T=800C                                           60  283.84  800.00      1 10%    ringCurrent : 299.448302 2018-07-18 12:56:34   
 18897 Temperature Calibration T=900C                                           60  283.84  899.80      1 10%    ringCurrent : 300.788562 2018-07-18 13:02:57   
 18898 Temperature Calibration T=999C                                           60  283.84  999.00      1 10%    ringCurrent : 297.809142 2018-07-18 13:09:41   
 18899 Empty SiO2 capillary 1.0mm no blower                                    600  283.91   21.00      2 100%   ringCurrent : 299.865426 2018-07-18 15:05:20   
 18900 Empty SiO2 capillary 1.0mm no blower                                    600  283.93   20.80      2 100%   ringCurrent : 298.434454 2018-07-18 15:38:08   
 18901 Empty 1mm SiO2 Capillary T=27C                                          600  283.95   31.40      2 100%   ringCurrent : 300.012118 2018-07-18 16:24:43   
 18902 Empty 1mm SiO2 Capillary T=177C                                         600  283.96  197.00      2 100%   ringCurrent : 300.206528 2018-07-18 17:34:23   
 18903 Empty 1mm SiO2 Capillary T=327C                                         600  283.96  351.80      2 100%   ringCurrent : 299.966544 2018-07-18 17:54:50   
 18904 test                                                                     20  283.96  513.90      2 100%   ringCurrent : 299.274840 2018-07-18 18:06:39   
 18905 test                                                                     20  283.96  508.70      2 100%   ringCurrent : 298.823950 2018-07-18 18:07:43   
 18906 test                                                                     20  283.96  509.00      2 100%   ringCurrent : 302.150580 2018-07-18 18:10:15   
 18907 test                                                                     20  283.96  509.00      2 100%   ringCurrent : 300.322850 2018-07-18 18:14:25   
 18908 test                                                                    100  283.96  508.80      2 100%   ringCurrent : 298.098528 2018-07-18 18:19:32   
 18909 Empty 1mm SiO2 Capillary T=27C                                          600  283.97   31.80      2 100%   ringCurrent : 301.504932 2018-07-18 18:51:31   
 18910 Empty 1mm SiO2 Capillary T=177C                                         600  283.97  197.00      2 100%   ringCurrent : 301.710038 2018-07-18 19:10:51   
 18911 Empty 1mm SiO2 Capillary T=327C                                         600  283.97  351.90      2 100%   ringCurrent : 301.646094 2018-07-18 19:31:15   
 18912 Empty 1mm SiO2 Capillary T=477C                                         600  283.97  509.00      2 100%   ringCurrent : 301.778096 2018-07-18 19:50:44   
 18913 Empty 1mm SiO2 Capillary T=627C                                         600  283.97  680.00      2 100%   ringCurrent : 301.926324 2018-07-18 20:10:24   
 18914 Empty 1mm SiO2 Capillary T=827C                                         600  283.97  952.00      2 100%   ringCurrent : 301.856634 2018-07-18 20:30:59   
 18915 s1                                                                      600  284.01   26.20      1 100%   ringCurrent : 299.869396 2018-07-18 22:15:30   
 18916 S6 T=22C                                                                600  284.02   26.00      2 100%   ringCurrent : 300.213926 2018-07-18 22:34:47   
 18917 S6 T=22C                                                                600  284.03   26.80      2 100%   ringCurrent : 301.355304 2018-07-18 23:41:44   
 18918 S6 T=380C                                                               600  284.03  406.10      2 100%   ringCurrent : 301.575312 2018-07-19 00:01:37   
 18919 S6 T=410C                                                               600  284.03  438.00      2 100%   ringCurrent : 299.476526 2018-07-19 00:15:16   
 18920 S6 T=418C                                                               600  284.03  446.30      2 100%   ringCurrent : 298.381970 2018-07-19 00:28:53   
 18921 S6 T=440C                                                               600  284.03  469.00      2 100%   ringCurrent : 301.108690 2018-07-19 00:42:30   
 18922 s2                                                                      600  284.02   25.90      4 100%   ringCurrent : 299.259328 2018-07-19 01:16:18   
 18923 s5                                                                      600  284.02   25.70      5 100%   ringCurrent : 301.339424 2018-07-19 01:31:59   
 18924 s8                                                                      600  284.02   26.60      7 100%   ringCurrent : 298.935278 2018-07-19 01:47:37   
 18925 s11                                                                     600  284.01   26.00      8 100%   ringCurrent : 300.746438 2018-07-19 02:03:12   
 18926 s7                                                                      600  284.01   25.60      9 100%   ringCurrent : 298.240836 2018-07-19 02:18:50   
 18927 s12                                                                     600  284.01   26.90     12 100%   ringCurrent : 300.170312 2018-07-19 02:34:31   
 18928 s13                                                                     600  284.01   25.80     13 100%   ringCurrent : 300.916426 2018-07-19 02:50:10   
 18929 s14                                                                     600  284.00   25.90     14 100%   ringCurrent : 299.599420 2018-07-19 03:05:45   
 18930 S9 T=22C                                                                600  284.00   25.80     10 100%   ringCurrent : 299.851786 2018-07-19 03:25:11   
 18931 S9 T=313C                                                               600  283.99  337.80     10 100%   ringCurrent : 299.924780 2018-07-19 03:44:52   
 18932 S9 T=343C                                                               600  283.99  367.60     10 100%   ringCurrent : 298.461050 2018-07-19 03:58:31   
 18933 S9 T=351C                                                               600  283.99  377.10     10 100%   ringCurrent : 301.235536 2018-07-19 04:12:05   
 18934 S9 T=373C                                                               600  283.98  399.00     10 100%   ringCurrent : 299.575948 2018-07-19 04:25:44   
 18935 LLZO T=22C                                                              600  283.98   26.50     15 10%    ringCurrent : 298.918308 2018-07-19 04:57:15   
 18936 LLZO T=177C                                                             600  283.98  196.90     15 10%    ringCurrent : 299.218498 2018-07-19 05:16:34   
 18937 LLZO T=327C                                                             600  283.97  352.00     15 10%    ringCurrent : 299.065798 2018-07-19 05:36:58   
 18938 LLZO T=477C                                                             600  283.97  509.10     15 10%    ringCurrent : 299.405646 2018-07-19 05:56:28   
 18939 LLZO T=627C                                                             600  283.97  680.00     15 10%    ringCurrent : 299.452280 2018-07-19 06:16:08   
 18940 LLZO T=827C                                                             600  283.97  952.00     15 10%    ringCurrent : 299.225528 2018-07-19 06:36:44   
 18941 s8                                                                      600  283.97   25.90      7 100%   ringCurrent : 301.114922 2018-07-19 07:42:10   
 18942 Temperature Calibration T=22C                                            60  283.97   25.80      1 10%    ringCurrent : 300.791330 2018-07-19 07:53:14   
 18943 Temperature Calibration T=100C                                           60  283.97  116.50      1 10%    ringCurrent : 298.709038 2018-07-19 07:58:03   
 18944 Temperature Calibration T=200C                                           60  283.97  221.00      1 10%    ringCurrent : 300.758058 2018-07-19 08:02:49   
 18945 Temperature Calibration T=300C                                           60  283.97  324.00      1 10%    ringCurrent : 298.681672 2018-07-19 08:07:37   
 18946 Temperature Calibration T=400C                                           60  283.97  427.00      1 10%    ringCurrent : 301.154556 2018-07-19 08:12:24   
 18947 Temperature Calibration T=500C                                           60  283.97  534.00      1 10%    ringCurrent : 299.036208 2018-07-19 08:17:17   
 18948 Temperature Calibration T=600C                                           60  283.97  648.10      1 10%    ringCurrent : 300.718652 2018-07-19 08:23:06   
 18949 Temperature Calibration T=700C                                           60  283.97  772.20      1 10%    ringCurrent : 298.540458 2018-07-19 08:28:09   
 18950 Temperature Calibration T=800C                                           60  283.97  912.20      1 10%    ringCurrent : 300.685722 2018-07-19 08:33:27   
